2022-03-01 21:18:42.505 - INFO - 21992 - azureml.train.automl.run._log_activity:55 - ActivityStarted: GetBestChild
2022-03-01 21:18:42.523 - INFO - 21992 - azureml.train.automl.run._log_activity:55 - ActivityStarted: GetChildren
2022-03-01 21:18:42.656 - INFO - 21992 - azureml.train.automl.run._log_activity:93 - ActivityCompleted: Activity=GetChildren, HowEnded=Success, Duration=133.07[ms]
2022-03-01 21:18:42.704 - INFO - 21992 - azureml.train.automl.run._log_activity:93 - ActivityCompleted: Activity=GetBestChild, HowEnded=Success, Duration=199.0[ms]
2022-03-01 21:18:42.710 - INFO - 21992 - azureml.train.automl.run._log_activity:55 - ActivityStarted: GetOutput
2022-03-01 21:18:42.730 - INFO - 21992 - azureml.train.automl.run._log_activity:55 - ActivityStarted: GetOutput
2022-03-01 21:18:42.748 - INFO - 21992 - azureml.train.automl.run._log_activity:55 - ActivityStarted: GetChildren
2022-03-01 21:18:42.862 - INFO - 21992 - azureml.train.automl.run._log_activity:93 - ActivityCompleted: Activity=GetChildren, HowEnded=Success, Duration=114.81[ms]
2022-03-01 21:18:42.934 - INFO - 21992 - azureml.train.automl.run._log_activity:93 - ActivityCompleted: Activity=GetOutput, HowEnded=Success, Duration=204.67[ms]
2022-03-01 21:18:42.935 - INFO - 21992 - azureml.train.automl._model_download_utilities._log_activity:55 - ActivityStarted: DownloadModel
2022-03-01 21:18:53.252 - INFO - 21992 - azureml.automl.runtime.distributed.utilities.horovod_initialized:70 - Horovod not found in current environment. Distribution via Horovod will be disabled.
2022-03-01 21:18:55.639 - INFO - 21992 - azureml.automl.runtime.featurization.data_transformer.__init__:189 - Feature sweeping enabled: False
2022-03-01 21:18:55.640 - INFO - 21992 - azureml.automl.runtime.featurization.data_transformer.__init__:190 - Feature sweeping timeout: 86400
2022-03-01 21:18:57.757 - INFO - 21992 - azureml.train.automl._model_download_utilities._log_activity:93 - ActivityCompleted: Activity=DownloadModel, HowEnded=Success, Duration=14821.98[ms]
2022-03-01 21:18:57.781 - INFO - 21992 - azureml.train.automl.run._log_activity:93 - ActivityCompleted: Activity=GetOutput, HowEnded=Success, Duration=15071.77[ms]
2022-03-01 21:24:34.274 - INFO - 21992 - azureml.automl.runtime.featurization.data_transformer.__init__:189 - Feature sweeping enabled: False
2022-03-01 21:24:34.275 - INFO - 21992 - azureml.automl.runtime.featurization.data_transformer.__init__:190 - Feature sweeping timeout: 86400
2022-03-01 23:09:56.776 - INFO - 21992 - azureml.train.automl.run._log_activity:55 - ActivityStarted: GetBestChild
2022-03-01 23:09:56.800 - INFO - 21992 - azureml.train.automl.run._log_activity:55 - ActivityStarted: GetChildren
2022-03-01 23:09:56.910 - INFO - 21992 - azureml.train.automl.run._log_activity:93 - ActivityCompleted: Activity=GetChildren, HowEnded=Success, Duration=109.79[ms]
2022-03-01 23:09:56.982 - INFO - 21992 - azureml.train.automl.run._log_activity:93 - ActivityCompleted: Activity=GetBestChild, HowEnded=Success, Duration=205.62[ms]
2022-03-01 23:09:56.988 - INFO - 21992 - azureml.train.automl.run._log_activity:55 - ActivityStarted: GetOutput
2022-03-01 23:09:57.006 - INFO - 21992 - azureml.train.automl.run._log_activity:55 - ActivityStarted: GetOutput
2022-03-01 23:09:57.022 - INFO - 21992 - azureml.train.automl.run._log_activity:55 - ActivityStarted: GetChildren
2022-03-01 23:09:57.144 - INFO - 21992 - azureml.train.automl.run._log_activity:93 - ActivityCompleted: Activity=GetChildren, HowEnded=Success, Duration=122.01[ms]
2022-03-01 23:09:57.186 - INFO - 21992 - azureml.train.automl.run._log_activity:93 - ActivityCompleted: Activity=GetOutput, HowEnded=Success, Duration=180.05[ms]
2022-03-01 23:09:57.186 - INFO - 21992 - azureml.train.automl._model_download_utilities._log_activity:55 - ActivityStarted: DownloadModel
2022-03-01 23:09:57.802 - INFO - 21992 - azureml.automl.runtime.featurization.data_transformer.__init__:189 - Feature sweeping enabled: False
2022-03-01 23:09:57.803 - INFO - 21992 - azureml.automl.runtime.featurization.data_transformer.__init__:190 - Feature sweeping timeout: 86400
2022-03-01 23:09:57.832 - INFO - 21992 - azureml.train.automl._model_download_utilities._log_activity:93 - ActivityCompleted: Activity=DownloadModel, HowEnded=Success, Duration=645.62[ms]
2022-03-01 23:09:57.833 - INFO - 21992 - azureml.train.automl.run._log_activity:93 - ActivityCompleted: Activity=GetOutput, HowEnded=Success, Duration=844.99[ms]
2022-03-01 23:10:09.291 - INFO - 21992 - azureml.automl.runtime.featurization.data_transformer.__init__:189 - Feature sweeping enabled: False
2022-03-01 23:10:09.292 - INFO - 21992 - azureml.automl.runtime.featurization.data_transformer.__init__:190 - Feature sweeping timeout: 86400
